<?xml version="1.0" encoding="UTF-8"?><testsuite errors="0" failures="0" name="com.req.res.testsuite.ReqResCurdTest" skipped="0" tests="4" time="11.64" timestamp="2020-05-20T18:38:25.551+01:00[Europe/London]"><testcase classname="com.req.res.testsuite.ReqResCurdTest" name="This test will create a new user"/><testcase classname="com.req.res.testsuite.ReqResCurdTest" name="This test will Verify an existing user of the application"/><testcase classname="com.req.res.testsuite.ReqResCurdTest" name="This test will Update a user"/><testcase classname="com.req.res.testsuite.ReqResCurdTest" name="This test will Delete a user"/></testsuite>